\BOOKMARK [1][-]{section.1}{M\351triques, structures complexes et formes}{}% 1
\BOOKMARK [2][-]{subsection.1.1}{M\351trique hermitienne}{section.1}% 2
\BOOKMARK [2][-]{subsection.1.2}{Structures complexes}{section.1}% 3
\BOOKMARK [2][-]{subsection.1.3}{M\351trique Riemannienne et formes symplectiques}{section.1}% 4
\BOOKMARK [3][-]{subsubsection.1.3.1}{M\351trique}{subsection.1.3}% 5
\BOOKMARK [3][-]{subsubsection.1.3.2}{Forme symplectique holomorphe}{subsection.1.3}% 6
\BOOKMARK [3][-]{subsubsection.1.3.3}{Formes de K\344hler}{subsection.1.3}% 7
\BOOKMARK [1][-]{section.2}{Action, action infinit\351simale}{}% 8
\BOOKMARK [2][-]{subsection.2.1}{Action du groupe unitaire}{section.2}% 9
\BOOKMARK [2][-]{subsection.2.2}{Action de l'alg\350bre de Lie}{section.2}% 10
\BOOKMARK [1][-]{section.3}{Forme moment, vari\351t\351 moment}{}% 11
\BOOKMARK [2][-]{subsection.3.1}{Application moment complexe}{section.3}% 12
\BOOKMARK [2][-]{subsection.3.2}{Application moment r\351elle}{section.3}% 13
\BOOKMARK [2][-]{subsection.3.3}{Vari\351t\351 moment}{section.3}% 14
\BOOKMARK [1][-]{section.4}{Application quotient}{}% 15
\BOOKMARK [2][-]{subsection.4.1}{Cas n=1}{section.4}% 16
\BOOKMARK [2][-]{subsection.4.2}{Cas n quelconque}{section.4}% 17
\BOOKMARK [1][-]{section.5}{\311quation du tangent aux fibres}{}% 18
\BOOKMARK [2][-]{subsection.5.1}{Cas n=1}{section.5}% 19
\BOOKMARK [2][-]{subsection.5.2}{Cas n quelconque}{section.5}% 20
\BOOKMARK [1][-]{section.6}{M\351trique quotient}{}% 21
